This file contains any messages produced by compilers while
running configure, to aid debugging if configure makes a mistake.

It was created by ReSCAL configure 1.6, which was
generated by GNU Autoconf 2.69.  Invocation command line was

  $ ./configure 

## --------- ##
## Platform. ##
## --------- ##

hostname = pitchpine.llnl.gov
uname -m = x86_64
uname -r = 17.4.0
uname -s = Darwin
uname -v = Darwin Kernel Version 17.4.0: Sun Dec 17 09:19:54 PST 2017; root:xnu-4570.41.2~1/RELEASE_X86_64

/usr/bin/uname -p = i386
/bin/uname -X     = unknown

/bin/arch              = unknown
/usr/bin/arch -k       = unknown
/usr/convex/getsysinfo = unknown
/usr/bin/hostinfo      = Mach kernel version:
	 Darwin Kernel Version 17.4.0: Sun Dec 17 09:19:54 PST 2017; root:xnu-4570.41.2~1/RELEASE_X86_64
Kernel configured for up to 8 processors.
4 processors are physically available.
8 processors are logically available.
Processor type: x86_64h (Intel x86-64h Haswell)
Processors active: 0 1 2 3 4 5 6 7
Primary memory available: 16.00 gigabytes
Default processor set: 505 tasks, 1663 threads, 8 processors
Load average: 1.27, Mach factor: 6.71
/bin/machine           = unknown
/usr/bin/oslevel       = unknown
/bin/universe          = unknown

PATH: /usr/local/bin
PATH: /usr/bin
PATH: /bin
PATH: /usr/sbin
PATH: /sbin
PATH: /opt/X11/bin
PATH: /Users/kochanski1/gtk/source/pkg-config-0.29.2/


## ----------- ##
## Core tests. ##
## ----------- ##

configure:2242: checking for a BSD-compatible install
configure:2310: result: /usr/bin/install -c
configure:2321: checking whether build environment is sane
configure:2376: result: yes
configure:2527: checking for a thread-safe mkdir -p
configure:2566: result: ./install-sh -c -d
configure:2573: checking for gawk
configure:2603: result: no
configure:2573: checking for mawk
configure:2603: result: no
configure:2573: checking for nawk
configure:2603: result: no
configure:2573: checking for awk
configure:2589: found /usr/bin/awk
configure:2600: result: awk
configure:2611: checking whether make sets $(MAKE)
configure:2633: result: yes
configure:2662: checking whether make supports nested variables
configure:2679: result: yes
configure:2854: checking for gcc
configure:2870: found /usr/bin/gcc
configure:2881: result: gcc
configure:3110: checking for C compiler version
configure:3119: gcc --version >&5
Apple LLVM version 9.0.0 (clang-900.0.39.2)
Target: x86_64-apple-darwin17.4.0
Thread model: posix
InstalledDir: /Applications/Xcode.app/Contents/Developer/Toolchains/XcodeDefault.xctoolchain/usr/bin
Configured with: --prefix=/Applications/Xcode.app/Contents/Developer/usr --with-gxx-include-dir=/usr/include/c++/4.2.1
configure:3130: $? = 0
configure:3119: gcc -v >&5
Configured with: --prefix=/Applications/Xcode.app/Contents/Developer/usr --with-gxx-include-dir=/usr/include/c++/4.2.1
Apple LLVM version 9.0.0 (clang-900.0.39.2)
Target: x86_64-apple-darwin17.4.0
Thread model: posix
InstalledDir: /Applications/Xcode.app/Contents/Developer/Toolchains/XcodeDefault.xctoolchain/usr/bin
configure:3130: $? = 0
configure:3119: gcc -V >&5
clang: error: argument to '-V' is missing (expected 1 value)
clang: error: no input files
configure:3130: $? = 1
configure:3119: gcc -qversion >&5
clang: error: unknown argument: '-qversion'
clang: error: no input files
configure:3130: $? = 1
configure:3150: checking whether the C compiler works
configure:3172: gcc -I/Users/kochanski1/gtk/inst/include -O2  -L/Users/kochanski1/gtk/inst/lib -lpng conftest.c  >&5
configure:3176: $? = 0
configure:3224: result: yes
configure:3227: checking for C compiler default output file name
configure:3229: result: a.out
configure:3235: checking for suffix of executables
configure:3242: gcc -o conftest -I/Users/kochanski1/gtk/inst/include -O2  -L/Users/kochanski1/gtk/inst/lib -lpng conftest.c  >&5
configure:3246: $? = 0
configure:3268: result: 
configure:3290: checking whether we are cross compiling
configure:3298: gcc -o conftest -I/Users/kochanski1/gtk/inst/include -O2  -L/Users/kochanski1/gtk/inst/lib -lpng conftest.c  >&5
configure:3302: $? = 0
configure:3309: ./conftest
configure:3313: $? = 0
configure:3328: result: no
configure:3333: checking for suffix of object files
configure:3355: gcc -c -I/Users/kochanski1/gtk/inst/include -O2  conftest.c >&5
configure:3359: $? = 0
configure:3380: result: o
configure:3384: checking whether we are using the GNU C compiler
configure:3403: gcc -c -I/Users/kochanski1/gtk/inst/include -O2  conftest.c >&5
configure:3403: $? = 0
configure:3412: result: yes
configure:3421: checking whether gcc accepts -g
configure:3441: gcc -c -g  conftest.c >&5
configure:3441: $? = 0
configure:3482: result: yes
configure:3499: checking for gcc option to accept ISO C89
configure:3562: gcc  -c -I/Users/kochanski1/gtk/inst/include -O2  conftest.c >&5
configure:3562: $? = 0
configure:3575: result: none needed
configure:3600: checking whether gcc understands -c and -o together
configure:3622: gcc -c conftest.c -o conftest2.o
configure:3625: $? = 0
configure:3622: gcc -c conftest.c -o conftest2.o
configure:3625: $? = 0
configure:3637: result: yes
configure:3665: checking for style of include used by make
configure:3693: result: GNU
configure:3719: checking dependency style of gcc
configure:3830: result: gcc3
configure:3901: checking for pkg-config
configure:3919: found /Users/kochanski1/gtk/source/pkg-config-0.29.2//pkg-config
configure:3931: result: /Users/kochanski1/gtk/source/pkg-config-0.29.2//pkg-config
configure:3956: checking pkg-config is at least version 0.9.0
configure:3959: result: yes
configure:3969: checking for GTK
configure:3976: $PKG_CONFIG --exists --print-errors "gtk+-2.0"
configure:3979: $? = 0
configure:3993: $PKG_CONFIG --exists --print-errors "gtk+-2.0"
configure:3996: $? = 0
configure:4054: result: yes
configure:4060: checking for GLIB
configure:4067: $PKG_CONFIG --exists --print-errors "glib-2.0"
configure:4070: $? = 0
configure:4084: $PKG_CONFIG --exists --print-errors "glib-2.0"
configure:4087: $? = 0
configure:4145: result: yes
configure:4151: checking for GMODULE
configure:4158: $PKG_CONFIG --exists --print-errors "gmodule-2.0"
configure:4161: $? = 0
configure:4175: $PKG_CONFIG --exists --print-errors "gmodule-2.0"
configure:4178: $? = 0
configure:4236: result: yes
configure:4242: checking for GTHREAD
configure:4249: $PKG_CONFIG --exists --print-errors "gthread-2.0"
configure:4252: $? = 0
configure:4266: $PKG_CONFIG --exists --print-errors "gthread-2.0"
configure:4269: $? = 0
configure:4327: result: yes
configure:4332: checking for pthread_create in -lpthread
configure:4357: gcc -o conftest -I/Users/kochanski1/gtk/inst/include -O2  -L/Users/kochanski1/gtk/inst/lib -lpng conftest.c -lpthread   >&5
configure:4357: $? = 0
configure:4366: result: yes
configure:4379: checking for png_write_row in -lpng
configure:4404: gcc -o conftest -I/Users/kochanski1/gtk/inst/include -O2  -L/Users/kochanski1/gtk/inst/lib -lpng conftest.c -lpng  -lpthread  >&5
configure:4404: $? = 0
configure:4413: result: yes
configure:4434: checking how to run the C preprocessor
configure:4465: gcc -E  conftest.c
configure:4465: $? = 0
configure:4479: gcc -E  conftest.c
conftest.c:13:10: fatal error: 'ac_nonexistent.h' file not found
#include <ac_nonexistent.h>
         ^~~~~~~~~~~~~~~~~~
1 error generated.
configure:4479: $? = 1
configure: failed program was:
| /* confdefs.h */
| #define PACKAGE_NAME "ReSCAL"
| #define PACKAGE_TARNAME "rescal"
| #define PACKAGE_VERSION "1.6"
| #define PACKAGE_STRING "ReSCAL 1.6"
| #define PACKAGE_BUGREPORT "rozier@ipgp.fr"
| #define PACKAGE_URL ""
| #define PACKAGE "rescal"
| #define VERSION "1.6"
| #define HAVE_LIBPTHREAD 1
| #define HAVE_LIBPNG 1
| /* end confdefs.h.  */
| #include <ac_nonexistent.h>
configure:4504: result: gcc -E
configure:4524: gcc -E  conftest.c
configure:4524: $? = 0
configure:4538: gcc -E  conftest.c
conftest.c:13:10: fatal error: 'ac_nonexistent.h' file not found
#include <ac_nonexistent.h>
         ^~~~~~~~~~~~~~~~~~
1 error generated.
configure:4538: $? = 1
configure: failed program was:
| /* confdefs.h */
| #define PACKAGE_NAME "ReSCAL"
| #define PACKAGE_TARNAME "rescal"
| #define PACKAGE_VERSION "1.6"
| #define PACKAGE_STRING "ReSCAL 1.6"
| #define PACKAGE_BUGREPORT "rozier@ipgp.fr"
| #define PACKAGE_URL ""
| #define PACKAGE "rescal"
| #define VERSION "1.6"
| #define HAVE_LIBPTHREAD 1
| #define HAVE_LIBPNG 1
| /* end confdefs.h.  */
| #include <ac_nonexistent.h>
configure:4567: checking for grep that handles long lines and -e
configure:4625: result: /usr/bin/grep
configure:4630: checking for egrep
configure:4692: result: /usr/bin/grep -E
configure:4697: checking for ANSI C header files
configure:4717: gcc -c -I/Users/kochanski1/gtk/inst/include -O2  conftest.c >&5
configure:4717: $? = 0
configure:4790: gcc -o conftest -I/Users/kochanski1/gtk/inst/include -O2  -L/Users/kochanski1/gtk/inst/lib -lpng conftest.c -lpng -lpthread  >&5
configure:4790: $? = 0
configure:4790: ./conftest
configure:4790: $? = 0
configure:4801: result: yes
configure:4814: checking for sys/types.h
configure:4814: gcc -c -I/Users/kochanski1/gtk/inst/include -O2  conftest.c >&5
configure:4814: $? = 0
configure:4814: result: yes
configure:4814: checking for sys/stat.h
configure:4814: gcc -c -I/Users/kochanski1/gtk/inst/include -O2  conftest.c >&5
configure:4814: $? = 0
configure:4814: result: yes
configure:4814: checking for stdlib.h
configure:4814: gcc -c -I/Users/kochanski1/gtk/inst/include -O2  conftest.c >&5
configure:4814: $? = 0
configure:4814: result: yes
configure:4814: checking for string.h
configure:4814: gcc -c -I/Users/kochanski1/gtk/inst/include -O2  conftest.c >&5
configure:4814: $? = 0
configure:4814: result: yes
configure:4814: checking for memory.h
configure:4814: gcc -c -I/Users/kochanski1/gtk/inst/include -O2  conftest.c >&5
configure:4814: $? = 0
configure:4814: result: yes
configure:4814: checking for strings.h
configure:4814: gcc -c -I/Users/kochanski1/gtk/inst/include -O2  conftest.c >&5
configure:4814: $? = 0
configure:4814: result: yes
configure:4814: checking for inttypes.h
configure:4814: gcc -c -I/Users/kochanski1/gtk/inst/include -O2  conftest.c >&5
configure:4814: $? = 0
configure:4814: result: yes
configure:4814: checking for stdint.h
configure:4814: gcc -c -I/Users/kochanski1/gtk/inst/include -O2  conftest.c >&5
configure:4814: $? = 0
configure:4814: result: yes
configure:4814: checking for unistd.h
configure:4814: gcc -c -I/Users/kochanski1/gtk/inst/include -O2  conftest.c >&5
configure:4814: $? = 0
configure:4814: result: yes
configure:4829: checking locale.h usability
configure:4829: gcc -c -I/Users/kochanski1/gtk/inst/include -O2  conftest.c >&5
configure:4829: $? = 0
configure:4829: result: yes
configure:4829: checking locale.h presence
configure:4829: gcc -E  conftest.c
configure:4829: $? = 0
configure:4829: result: yes
configure:4829: checking for locale.h
configure:4829: result: yes
configure:4829: checking for memory.h
configure:4829: result: yes
configure:4829: checking for stdlib.h
configure:4829: result: yes
configure:4829: checking for string.h
configure:4829: result: yes
configure:4829: checking sys/time.h usability
configure:4829: gcc -c -I/Users/kochanski1/gtk/inst/include -O2  conftest.c >&5
configure:4829: $? = 0
configure:4829: result: yes
configure:4829: checking sys/time.h presence
configure:4829: gcc -E  conftest.c
configure:4829: $? = 0
configure:4829: result: yes
configure:4829: checking for sys/time.h
configure:4829: result: yes
configure:4829: checking for unistd.h
configure:4829: result: yes
configure:4843: checking for strstr
configure:4843: gcc -o conftest -I/Users/kochanski1/gtk/inst/include -O2  -L/Users/kochanski1/gtk/inst/lib -lpng conftest.c -lpng -lpthread  >&5
conftest.c:52:6: warning: incompatible redeclaration of library function 'strstr' [-Wincompatible-library-redeclaration]
char strstr ();
     ^
conftest.c:52:6: note: 'strstr' is a builtin with type 'char *(const char *, const char *)'
1 warning generated.
configure:4843: $? = 0
configure:4843: result: yes
configure:4854: checking for strdup
configure:4854: gcc -o conftest -I/Users/kochanski1/gtk/inst/include -O2  -L/Users/kochanski1/gtk/inst/lib -lpng conftest.c -lpng -lpthread  >&5
conftest.c:53:6: warning: incompatible redeclaration of library function 'strdup' [-Wincompatible-library-redeclaration]
char strdup ();
     ^
conftest.c:53:6: note: 'strdup' is a builtin with type 'char *(const char *)'
1 warning generated.
configure:4854: $? = 0
configure:4854: result: yes
configure:4873: checking for gcc option to support OpenMP
configure:4888: gcc -o conftest -I/Users/kochanski1/gtk/inst/include -O2  -L/Users/kochanski1/gtk/inst/lib -lpng conftest.c -lpng -lpthread  >&5
conftest.c:33:2: error: unknown type name 'choke'
 choke me
 ^
conftest.c:35:10: fatal error: 'omp.h' file not found
#include <omp.h>
         ^~~~~~~
2 errors generated.
configure:4888: $? = 1
configure: failed program was:
| /* confdefs.h */
| #define PACKAGE_NAME "ReSCAL"
| #define PACKAGE_TARNAME "rescal"
| #define PACKAGE_VERSION "1.6"
| #define PACKAGE_STRING "ReSCAL 1.6"
| #define PACKAGE_BUGREPORT "rozier@ipgp.fr"
| #define PACKAGE_URL ""
| #define PACKAGE "rescal"
| #define VERSION "1.6"
| #define HAVE_LIBPTHREAD 1
| #define HAVE_LIBPNG 1
| #define STDC_HEADERS 1
| #define HAVE_SYS_TYPES_H 1
| #define HAVE_SYS_STAT_H 1
| #define HAVE_STDLIB_H 1
| #define HAVE_STRING_H 1
| #define HAVE_MEMORY_H 1
| #define HAVE_STRINGS_H 1
| #define HAVE_INTTYPES_H 1
| #define HAVE_STDINT_H 1
| #define HAVE_UNISTD_H 1
| #define HAVE_LOCALE_H 1
| #define HAVE_MEMORY_H 1
| #define HAVE_STDLIB_H 1
| #define HAVE_STRING_H 1
| #define HAVE_SYS_TIME_H 1
| #define HAVE_UNISTD_H 1
| #define HAVE_STRSTR 1
| #define HAVE_STRDUP 1
| /* end confdefs.h.  */
| 
| #ifndef _OPENMP
|  choke me
| #endif
| #include <omp.h>
| int main () { return omp_get_num_threads (); }
| 
configure:4906: gcc -o conftest -I/Users/kochanski1/gtk/inst/include -O2 -fopenmp  -L/Users/kochanski1/gtk/inst/lib -lpng conftest.c -lpng -lpthread  >&5
clang: error: unsupported option '-fopenmp'
clang: error: unsupported option '-fopenmp'
configure:4906: $? = 1
configure: failed program was:
| /* confdefs.h */
| #define PACKAGE_NAME "ReSCAL"
| #define PACKAGE_TARNAME "rescal"
| #define PACKAGE_VERSION "1.6"
| #define PACKAGE_STRING "ReSCAL 1.6"
| #define PACKAGE_BUGREPORT "rozier@ipgp.fr"
| #define PACKAGE_URL ""
| #define PACKAGE "rescal"
| #define VERSION "1.6"
| #define HAVE_LIBPTHREAD 1
| #define HAVE_LIBPNG 1
| #define STDC_HEADERS 1
| #define HAVE_SYS_TYPES_H 1
| #define HAVE_SYS_STAT_H 1
| #define HAVE_STDLIB_H 1
| #define HAVE_STRING_H 1
| #define HAVE_MEMORY_H 1
| #define HAVE_STRINGS_H 1
| #define HAVE_INTTYPES_H 1
| #define HAVE_STDINT_H 1
| #define HAVE_UNISTD_H 1
| #define HAVE_LOCALE_H 1
| #define HAVE_MEMORY_H 1
| #define HAVE_STDLIB_H 1
| #define HAVE_STRING_H 1
| #define HAVE_SYS_TIME_H 1
| #define HAVE_UNISTD_H 1
| #define HAVE_STRSTR 1
| #define HAVE_STRDUP 1
| /* end confdefs.h.  */
| 
| #ifndef _OPENMP
|  choke me
| #endif
| #include <omp.h>
| int main () { return omp_get_num_threads (); }
| 
configure:4906: gcc -o conftest -I/Users/kochanski1/gtk/inst/include -O2 -xopenmp  -L/Users/kochanski1/gtk/inst/lib -lpng conftest.c -lpng -lpthread  >&5
clang: error: language not recognized: 'openmp'
configure:4906: $? = 1
configure: failed program was:
| /* confdefs.h */
| #define PACKAGE_NAME "ReSCAL"
| #define PACKAGE_TARNAME "rescal"
| #define PACKAGE_VERSION "1.6"
| #define PACKAGE_STRING "ReSCAL 1.6"
| #define PACKAGE_BUGREPORT "rozier@ipgp.fr"
| #define PACKAGE_URL ""
| #define PACKAGE "rescal"
| #define VERSION "1.6"
| #define HAVE_LIBPTHREAD 1
| #define HAVE_LIBPNG 1
| #define STDC_HEADERS 1
| #define HAVE_SYS_TYPES_H 1
| #define HAVE_SYS_STAT_H 1
| #define HAVE_STDLIB_H 1
| #define HAVE_STRING_H 1
| #define HAVE_MEMORY_H 1
| #define HAVE_STRINGS_H 1
| #define HAVE_INTTYPES_H 1
| #define HAVE_STDINT_H 1
| #define HAVE_UNISTD_H 1
| #define HAVE_LOCALE_H 1
| #define HAVE_MEMORY_H 1
| #define HAVE_STDLIB_H 1
| #define HAVE_STRING_H 1
| #define HAVE_SYS_TIME_H 1
| #define HAVE_UNISTD_H 1
| #define HAVE_STRSTR 1
| #define HAVE_STRDUP 1
| /* end confdefs.h.  */
| 
| #ifndef _OPENMP
|  choke me
| #endif
| #include <omp.h>
| int main () { return omp_get_num_threads (); }
| 
configure:4906: gcc -o conftest -I/Users/kochanski1/gtk/inst/include -O2 -openmp  -L/Users/kochanski1/gtk/inst/lib -lpng conftest.c -lpng -lpthread  >&5
conftest.c:33:2: error: unknown type name 'choke'
 choke me
 ^
conftest.c:35:10: fatal error: 'omp.h' file not found
#include <omp.h>
         ^~~~~~~
2 errors generated.
configure:4906: $? = 1
configure: failed program was:
| /* confdefs.h */
| #define PACKAGE_NAME "ReSCAL"
| #define PACKAGE_TARNAME "rescal"
| #define PACKAGE_VERSION "1.6"
| #define PACKAGE_STRING "ReSCAL 1.6"
| #define PACKAGE_BUGREPORT "rozier@ipgp.fr"
| #define PACKAGE_URL ""
| #define PACKAGE "rescal"
| #define VERSION "1.6"
| #define HAVE_LIBPTHREAD 1
| #define HAVE_LIBPNG 1
| #define STDC_HEADERS 1
| #define HAVE_SYS_TYPES_H 1
| #define HAVE_SYS_STAT_H 1
| #define HAVE_STDLIB_H 1
| #define HAVE_STRING_H 1
| #define HAVE_MEMORY_H 1
| #define HAVE_STRINGS_H 1
| #define HAVE_INTTYPES_H 1
| #define HAVE_STDINT_H 1
| #define HAVE_UNISTD_H 1
| #define HAVE_LOCALE_H 1
| #define HAVE_MEMORY_H 1
| #define HAVE_STDLIB_H 1
| #define HAVE_STRING_H 1
| #define HAVE_SYS_TIME_H 1
| #define HAVE_UNISTD_H 1
| #define HAVE_STRSTR 1
| #define HAVE_STRDUP 1
| /* end confdefs.h.  */
| 
| #ifndef _OPENMP
|  choke me
| #endif
| #include <omp.h>
| int main () { return omp_get_num_threads (); }
| 
configure:4906: gcc -o conftest -I/Users/kochanski1/gtk/inst/include -O2 -mp  -L/Users/kochanski1/gtk/inst/lib -lpng conftest.c -lpng -lpthread  >&5
clang: error: unknown argument: '-mp'
configure:4906: $? = 1
configure: failed program was:
| /* confdefs.h */
| #define PACKAGE_NAME "ReSCAL"
| #define PACKAGE_TARNAME "rescal"
| #define PACKAGE_VERSION "1.6"
| #define PACKAGE_STRING "ReSCAL 1.6"
| #define PACKAGE_BUGREPORT "rozier@ipgp.fr"
| #define PACKAGE_URL ""
| #define PACKAGE "rescal"
| #define VERSION "1.6"
| #define HAVE_LIBPTHREAD 1
| #define HAVE_LIBPNG 1
| #define STDC_HEADERS 1
| #define HAVE_SYS_TYPES_H 1
| #define HAVE_SYS_STAT_H 1
| #define HAVE_STDLIB_H 1
| #define HAVE_STRING_H 1
| #define HAVE_MEMORY_H 1
| #define HAVE_STRINGS_H 1
| #define HAVE_INTTYPES_H 1
| #define HAVE_STDINT_H 1
| #define HAVE_UNISTD_H 1
| #define HAVE_LOCALE_H 1
| #define HAVE_MEMORY_H 1
| #define HAVE_STDLIB_H 1
| #define HAVE_STRING_H 1
| #define HAVE_SYS_TIME_H 1
| #define HAVE_UNISTD_H 1
| #define HAVE_STRSTR 1
| #define HAVE_STRDUP 1
| /* end confdefs.h.  */
| 
| #ifndef _OPENMP
|  choke me
| #endif
| #include <omp.h>
| int main () { return omp_get_num_threads (); }
| 
configure:4906: gcc -o conftest -I/Users/kochanski1/gtk/inst/include -O2 -omp  -L/Users/kochanski1/gtk/inst/lib -lpng conftest.c -lpng -lpthread  >&5
conftest.c:33:2: error: unknown type name 'choke'
 choke me
 ^
conftest.c:35:10: fatal error: 'omp.h' file not found
#include <omp.h>
         ^~~~~~~
2 errors generated.
configure:4906: $? = 1
configure: failed program was:
| /* confdefs.h */
| #define PACKAGE_NAME "ReSCAL"
| #define PACKAGE_TARNAME "rescal"
| #define PACKAGE_VERSION "1.6"
| #define PACKAGE_STRING "ReSCAL 1.6"
| #define PACKAGE_BUGREPORT "rozier@ipgp.fr"
| #define PACKAGE_URL ""
| #define PACKAGE "rescal"
| #define VERSION "1.6"
| #define HAVE_LIBPTHREAD 1
| #define HAVE_LIBPNG 1
| #define STDC_HEADERS 1
| #define HAVE_SYS_TYPES_H 1
| #define HAVE_SYS_STAT_H 1
| #define HAVE_STDLIB_H 1
| #define HAVE_STRING_H 1
| #define HAVE_MEMORY_H 1
| #define HAVE_STRINGS_H 1
| #define HAVE_INTTYPES_H 1
| #define HAVE_STDINT_H 1
| #define HAVE_UNISTD_H 1
| #define HAVE_LOCALE_H 1
| #define HAVE_MEMORY_H 1
| #define HAVE_STDLIB_H 1
| #define HAVE_STRING_H 1
| #define HAVE_SYS_TIME_H 1
| #define HAVE_UNISTD_H 1
| #define HAVE_STRSTR 1
| #define HAVE_STRDUP 1
| /* end confdefs.h.  */
| 
| #ifndef _OPENMP
|  choke me
| #endif
| #include <omp.h>
| int main () { return omp_get_num_threads (); }
| 
configure:4906: gcc -o conftest -I/Users/kochanski1/gtk/inst/include -O2 -qsmp=omp  -L/Users/kochanski1/gtk/inst/lib -lpng conftest.c -lpng -lpthread  >&5
clang: error: unknown argument: '-qsmp=omp'
configure:4906: $? = 1
configure: failed program was:
| /* confdefs.h */
| #define PACKAGE_NAME "ReSCAL"
| #define PACKAGE_TARNAME "rescal"
| #define PACKAGE_VERSION "1.6"
| #define PACKAGE_STRING "ReSCAL 1.6"
| #define PACKAGE_BUGREPORT "rozier@ipgp.fr"
| #define PACKAGE_URL ""
| #define PACKAGE "rescal"
| #define VERSION "1.6"
| #define HAVE_LIBPTHREAD 1
| #define HAVE_LIBPNG 1
| #define STDC_HEADERS 1
| #define HAVE_SYS_TYPES_H 1
| #define HAVE_SYS_STAT_H 1
| #define HAVE_STDLIB_H 1
| #define HAVE_STRING_H 1
| #define HAVE_MEMORY_H 1
| #define HAVE_STRINGS_H 1
| #define HAVE_INTTYPES_H 1
| #define HAVE_STDINT_H 1
| #define HAVE_UNISTD_H 1
| #define HAVE_LOCALE_H 1
| #define HAVE_MEMORY_H 1
| #define HAVE_STDLIB_H 1
| #define HAVE_STRING_H 1
| #define HAVE_SYS_TIME_H 1
| #define HAVE_UNISTD_H 1
| #define HAVE_STRSTR 1
| #define HAVE_STRDUP 1
| /* end confdefs.h.  */
| 
| #ifndef _OPENMP
|  choke me
| #endif
| #include <omp.h>
| int main () { return omp_get_num_threads (); }
| 
configure:4906: gcc -o conftest -I/Users/kochanski1/gtk/inst/include -O2 -homp  -L/Users/kochanski1/gtk/inst/lib -lpng conftest.c -lpng -lpthread  >&5
clang: error: unknown argument: '-homp'
configure:4906: $? = 1
configure: failed program was:
| /* confdefs.h */
| #define PACKAGE_NAME "ReSCAL"
| #define PACKAGE_TARNAME "rescal"
| #define PACKAGE_VERSION "1.6"
| #define PACKAGE_STRING "ReSCAL 1.6"
| #define PACKAGE_BUGREPORT "rozier@ipgp.fr"
| #define PACKAGE_URL ""
| #define PACKAGE "rescal"
| #define VERSION "1.6"
| #define HAVE_LIBPTHREAD 1
| #define HAVE_LIBPNG 1
| #define STDC_HEADERS 1
| #define HAVE_SYS_TYPES_H 1
| #define HAVE_SYS_STAT_H 1
| #define HAVE_STDLIB_H 1
| #define HAVE_STRING_H 1
| #define HAVE_MEMORY_H 1
| #define HAVE_STRINGS_H 1
| #define HAVE_INTTYPES_H 1
| #define HAVE_STDINT_H 1
| #define HAVE_UNISTD_H 1
| #define HAVE_LOCALE_H 1
| #define HAVE_MEMORY_H 1
| #define HAVE_STDLIB_H 1
| #define HAVE_STRING_H 1
| #define HAVE_SYS_TIME_H 1
| #define HAVE_UNISTD_H 1
| #define HAVE_STRSTR 1
| #define HAVE_STRDUP 1
| /* end confdefs.h.  */
| 
| #ifndef _OPENMP
|  choke me
| #endif
| #include <omp.h>
| int main () { return omp_get_num_threads (); }
| 
configure:4906: gcc -o conftest -I/Users/kochanski1/gtk/inst/include -O2 -Popenmp  -L/Users/kochanski1/gtk/inst/lib -lpng conftest.c -lpng -lpthread  >&5
clang: error: unknown argument: '-Popenmp'
configure:4906: $? = 1
configure: failed program was:
| /* confdefs.h */
| #define PACKAGE_NAME "ReSCAL"
| #define PACKAGE_TARNAME "rescal"
| #define PACKAGE_VERSION "1.6"
| #define PACKAGE_STRING "ReSCAL 1.6"
| #define PACKAGE_BUGREPORT "rozier@ipgp.fr"
| #define PACKAGE_URL ""
| #define PACKAGE "rescal"
| #define VERSION "1.6"
| #define HAVE_LIBPTHREAD 1
| #define HAVE_LIBPNG 1
| #define STDC_HEADERS 1
| #define HAVE_SYS_TYPES_H 1
| #define HAVE_SYS_STAT_H 1
| #define HAVE_STDLIB_H 1
| #define HAVE_STRING_H 1
| #define HAVE_MEMORY_H 1
| #define HAVE_STRINGS_H 1
| #define HAVE_INTTYPES_H 1
| #define HAVE_STDINT_H 1
| #define HAVE_UNISTD_H 1
| #define HAVE_LOCALE_H 1
| #define HAVE_MEMORY_H 1
| #define HAVE_STDLIB_H 1
| #define HAVE_STRING_H 1
| #define HAVE_SYS_TIME_H 1
| #define HAVE_UNISTD_H 1
| #define HAVE_STRSTR 1
| #define HAVE_STRDUP 1
| /* end confdefs.h.  */
| 
| #ifndef _OPENMP
|  choke me
| #endif
| #include <omp.h>
| int main () { return omp_get_num_threads (); }
| 
configure:4906: gcc -o conftest -I/Users/kochanski1/gtk/inst/include -O2 --openmp  -L/Users/kochanski1/gtk/inst/lib -lpng conftest.c -lpng -lpthread  >&5
clang: error: unsupported option '--openmp'
configure:4906: $? = 1
configure: failed program was:
| /* confdefs.h */
| #define PACKAGE_NAME "ReSCAL"
| #define PACKAGE_TARNAME "rescal"
| #define PACKAGE_VERSION "1.6"
| #define PACKAGE_STRING "ReSCAL 1.6"
| #define PACKAGE_BUGREPORT "rozier@ipgp.fr"
| #define PACKAGE_URL ""
| #define PACKAGE "rescal"
| #define VERSION "1.6"
| #define HAVE_LIBPTHREAD 1
| #define HAVE_LIBPNG 1
| #define STDC_HEADERS 1
| #define HAVE_SYS_TYPES_H 1
| #define HAVE_SYS_STAT_H 1
| #define HAVE_STDLIB_H 1
| #define HAVE_STRING_H 1
| #define HAVE_MEMORY_H 1
| #define HAVE_STRINGS_H 1
| #define HAVE_INTTYPES_H 1
| #define HAVE_STDINT_H 1
| #define HAVE_UNISTD_H 1
| #define HAVE_LOCALE_H 1
| #define HAVE_MEMORY_H 1
| #define HAVE_STDLIB_H 1
| #define HAVE_STRING_H 1
| #define HAVE_SYS_TIME_H 1
| #define HAVE_UNISTD_H 1
| #define HAVE_STRSTR 1
| #define HAVE_STRDUP 1
| /* end confdefs.h.  */
| 
| #ifndef _OPENMP
|  choke me
| #endif
| #include <omp.h>
| int main () { return omp_get_num_threads (); }
| 
configure:4920: result: unsupported
configure:4959: checking for stdlib.h
configure:4959: result: yes
configure:4969: checking for GNU libc compatible malloc
configure:4993: gcc -o conftest -I/Users/kochanski1/gtk/inst/include -O2  -L/Users/kochanski1/gtk/inst/lib -lpng conftest.c -lpng -lpthread  >&5
configure:4993: $? = 0
configure:4993: ./conftest
configure:4993: $? = 0
configure:5003: result: yes
configure:5026: checking for stdlib.h
configure:5026: result: yes
configure:5036: checking for GNU libc compatible realloc
configure:5060: gcc -o conftest -I/Users/kochanski1/gtk/inst/include -O2  -L/Users/kochanski1/gtk/inst/lib -lpng conftest.c -lpng -lpthread  >&5
configure:5060: $? = 0
configure:5060: ./conftest
configure:5060: $? = 0
configure:5070: result: yes
configure:5094: checking for floor
configure:5094: gcc -o conftest -I/Users/kochanski1/gtk/inst/include -O2  -L/Users/kochanski1/gtk/inst/lib -lpng conftest.c -lpng -lpthread  >&5
conftest.c:58:6: warning: incompatible redeclaration of library function 'floor' [-Wincompatible-library-redeclaration]
char floor ();
     ^
conftest.c:58:6: note: 'floor' is a builtin with type 'double (double)'
1 warning generated.
configure:5094: $? = 0
configure:5094: result: yes
configure:5094: checking for gettimeofday
configure:5094: gcc -o conftest -I/Users/kochanski1/gtk/inst/include -O2  -L/Users/kochanski1/gtk/inst/lib -lpng conftest.c -lpng -lpthread  >&5
configure:5094: $? = 0
configure:5094: result: yes
configure:5094: checking for memset
configure:5094: gcc -o conftest -I/Users/kochanski1/gtk/inst/include -O2  -L/Users/kochanski1/gtk/inst/lib -lpng conftest.c -lpng -lpthread  >&5
conftest.c:60:6: warning: incompatible redeclaration of library function 'memset' [-Wincompatible-library-redeclaration]
char memset ();
     ^
conftest.c:60:6: note: 'memset' is a builtin with type 'void *(void *, int, unsigned long)'
1 warning generated.
configure:5094: $? = 0
configure:5094: result: yes
configure:5094: checking for pow
configure:5094: gcc -o conftest -I/Users/kochanski1/gtk/inst/include -O2  -L/Users/kochanski1/gtk/inst/lib -lpng conftest.c -lpng -lpthread  >&5
conftest.c:61:6: warning: incompatible redeclaration of library function 'pow' [-Wincompatible-library-redeclaration]
char pow ();
     ^
conftest.c:61:6: note: 'pow' is a builtin with type 'double (double, double)'
1 warning generated.
configure:5094: $? = 0
configure:5094: result: yes
configure:5094: checking for setlocale
configure:5094: gcc -o conftest -I/Users/kochanski1/gtk/inst/include -O2  -L/Users/kochanski1/gtk/inst/lib -lpng conftest.c -lpng -lpthread  >&5
configure:5094: $? = 0
configure:5094: result: yes
configure:5094: checking for sqrt
configure:5094: gcc -o conftest -I/Users/kochanski1/gtk/inst/include -O2  -L/Users/kochanski1/gtk/inst/lib -lpng conftest.c -lpng -lpthread  >&5
conftest.c:63:6: warning: incompatible redeclaration of library function 'sqrt' [-Wincompatible-library-redeclaration]
char sqrt ();
     ^
conftest.c:63:6: note: 'sqrt' is a builtin with type 'double (double)'
1 warning generated.
configure:5094: $? = 0
configure:5094: result: yes
configure:5094: checking for strchr
configure:5094: gcc -o conftest -I/Users/kochanski1/gtk/inst/include -O2  -L/Users/kochanski1/gtk/inst/lib -lpng conftest.c -lpng -lpthread  >&5
conftest.c:64:6: warning: incompatible redeclaration of library function 'strchr' [-Wincompatible-library-redeclaration]
char strchr ();
     ^
conftest.c:64:6: note: 'strchr' is a builtin with type 'char *(const char *, int)'
1 warning generated.
configure:5094: $? = 0
configure:5094: result: yes
configure:5216: checking that generated files are newer than configure
configure:5222: result: done
configure:5249: creating ./config.status

## ---------------------- ##
## Running config.status. ##
## ---------------------- ##

This file was extended by ReSCAL config.status 1.6, which was
generated by GNU Autoconf 2.69.  Invocation command line was

  CONFIG_FILES    = 
  CONFIG_HEADERS  = 
  CONFIG_LINKS    = 
  CONFIG_COMMANDS = 
  $ ./config.status 

on pitchpine.llnl.gov

config.status:894: creating Makefile
config.status:894: creating src/Makefile
config.status:894: creating config.h
config.status:1075: config.h is unchanged
config.status:1123: executing depfiles commands
configure:6566: checking for inline
configure:6582: gcc -c -I/Users/kochanski1/gtk/inst/include -O2  conftest.c >&5
configure:6582: $? = 0
configure:6590: result: inline
configure:6608: checking whether ln -s works
configure:6612: result: yes

## ---------------- ##
## Cache variables. ##
## ---------------- ##

ac_cv_c_compiler_gnu=yes
ac_cv_c_inline=inline
ac_cv_env_CC_set=
ac_cv_env_CC_value=
ac_cv_env_CFLAGS_set=set
ac_cv_env_CFLAGS_value='-I/Users/kochanski1/gtk/inst/include -O2'
ac_cv_env_CPPFLAGS_set=
ac_cv_env_CPPFLAGS_value=
ac_cv_env_CPP_set=
ac_cv_env_CPP_value=
ac_cv_env_GLIB_CFLAGS_set=
ac_cv_env_GLIB_CFLAGS_value=
ac_cv_env_GLIB_LIBS_set=
ac_cv_env_GLIB_LIBS_value=
ac_cv_env_GMODULE_CFLAGS_set=
ac_cv_env_GMODULE_CFLAGS_value=
ac_cv_env_GMODULE_LIBS_set=
ac_cv_env_GMODULE_LIBS_value=
ac_cv_env_GTHREAD_CFLAGS_set=
ac_cv_env_GTHREAD_CFLAGS_value=
ac_cv_env_GTHREAD_LIBS_set=
ac_cv_env_GTHREAD_LIBS_value=
ac_cv_env_GTK_CFLAGS_set=
ac_cv_env_GTK_CFLAGS_value=
ac_cv_env_GTK_LIBS_set=
ac_cv_env_GTK_LIBS_value=
ac_cv_env_LDFLAGS_set=set
ac_cv_env_LDFLAGS_value='-L/Users/kochanski1/gtk/inst/lib -lpng'
ac_cv_env_LIBS_set=
ac_cv_env_LIBS_value=
ac_cv_env_PKG_CONFIG_LIBDIR_set=
ac_cv_env_PKG_CONFIG_LIBDIR_value=
ac_cv_env_PKG_CONFIG_PATH_set=
ac_cv_env_PKG_CONFIG_PATH_value=
ac_cv_env_PKG_CONFIG_set=
ac_cv_env_PKG_CONFIG_value=
ac_cv_env_build_alias_set=
ac_cv_env_build_alias_value=
ac_cv_env_host_alias_set=
ac_cv_env_host_alias_value=
ac_cv_env_target_alias_set=
ac_cv_env_target_alias_value=
ac_cv_func_floor=yes
ac_cv_func_gettimeofday=yes
ac_cv_func_malloc_0_nonnull=yes
ac_cv_func_memset=yes
ac_cv_func_pow=yes
ac_cv_func_realloc_0_nonnull=yes
ac_cv_func_setlocale=yes
ac_cv_func_sqrt=yes
ac_cv_func_strchr=yes
ac_cv_func_strdup=yes
ac_cv_func_strstr=yes
ac_cv_header_inttypes_h=yes
ac_cv_header_locale_h=yes
ac_cv_header_memory_h=yes
ac_cv_header_stdc=yes
ac_cv_header_stdint_h=yes
ac_cv_header_stdlib_h=yes
ac_cv_header_string_h=yes
ac_cv_header_strings_h=yes
ac_cv_header_sys_stat_h=yes
ac_cv_header_sys_time_h=yes
ac_cv_header_sys_types_h=yes
ac_cv_header_unistd_h=yes
ac_cv_lib_png_png_write_row=yes
ac_cv_lib_pthread_pthread_create=yes
ac_cv_objext=o
ac_cv_path_EGREP='/usr/bin/grep -E'
ac_cv_path_GREP=/usr/bin/grep
ac_cv_path_ac_pt_PKG_CONFIG=/Users/kochanski1/gtk/source/pkg-config-0.29.2//pkg-config
ac_cv_path_install='/usr/bin/install -c'
ac_cv_prog_AWK=awk
ac_cv_prog_CPP='gcc -E'
ac_cv_prog_ac_ct_CC=gcc
ac_cv_prog_c_openmp=unsupported
ac_cv_prog_cc_c89=
ac_cv_prog_cc_g=yes
ac_cv_prog_make_make_set=yes
am_cv_CC_dependencies_compiler_type=gcc3
am_cv_make_support_nested_variables=yes
am_cv_prog_cc_c_o=yes
pkg_cv_GLIB_CFLAGS='-I/Users/kochanski1/gtk/inst/include/glib-2.0 -I/Users/kochanski1/gtk/inst/lib/glib-2.0/include'
pkg_cv_GLIB_LIBS='-L/Users/kochanski1/gtk/inst/lib -lglib-2.0 -lintl -Wl,-framework -Wl,CoreFoundation'
pkg_cv_GMODULE_CFLAGS='-D_REENTRANT -I/Users/kochanski1/gtk/inst/include/glib-2.0 -I/Users/kochanski1/gtk/inst/lib/glib-2.0/include'
pkg_cv_GMODULE_LIBS='-L/Users/kochanski1/gtk/inst/lib -lgmodule-2.0 -lglib-2.0 -lintl -Wl,-framework -Wl,CoreFoundation'
pkg_cv_GTHREAD_CFLAGS='-D_REENTRANT -I/Users/kochanski1/gtk/inst/include/glib-2.0 -I/Users/kochanski1/gtk/inst/lib/glib-2.0/include'
pkg_cv_GTHREAD_LIBS='-L/Users/kochanski1/gtk/inst/lib -lgthread-2.0 -lglib-2.0 -lintl -Wl,-framework -Wl,CoreFoundation'
pkg_cv_GTK_CFLAGS='-D_REENTRANT -I/Users/kochanski1/gtk/inst/include/gtk-2.0 -I/Users/kochanski1/gtk/inst/lib/gtk-2.0/include -I/Users/kochanski1/gtk/inst/include/pango-1.0 -I/Users/kochanski1/gtk/inst/include/atk-1.0 -I/Users/kochanski1/gtk/inst/include/cairo -I/Users/kochanski1/gtk/inst/include/pixman-1 -I/Users/kochanski1/gtk/inst/include/libpng16 -I/Users/kochanski1/gtk/inst/include/gdk-pixbuf-2.0 -I/Users/kochanski1/gtk/inst/include/libpng16 -I/Users/kochanski1/gtk/inst/include -I/Users/kochanski1/gtk/inst/include/glib-2.0 -I/Users/kochanski1/gtk/inst/lib/glib-2.0/include'
pkg_cv_GTK_LIBS='-L/Users/kochanski1/gtk/inst/lib -lgtk-quartz-2.0 -lgdk-quartz-2.0 -lpangocairo-1.0 -lpango-1.0 -latk-1.0 -lcairo -lgdk_pixbuf-2.0 -lgio-2.0 -lgobject-2.0 -lglib-2.0 -lintl -Wl,-framework -Wl,CoreFoundation'

## ----------------- ##
## Output variables. ##
## ----------------- ##

ACLOCAL='${SHELL} /Users/kochanski1/project/rescal-snow/missing aclocal-1.14'
AMDEPBACKSLASH='\'
AMDEP_FALSE='#'
AMDEP_TRUE=''
AMTAR='$${TAR-tar}'
AM_BACKSLASH='\'
AM_DEFAULT_V='$(AM_DEFAULT_VERBOSITY)'
AM_DEFAULT_VERBOSITY='1'
AM_V='$(V)'
AUTOCONF='${SHELL} /Users/kochanski1/project/rescal-snow/missing autoconf'
AUTOHEADER='${SHELL} /Users/kochanski1/project/rescal-snow/missing autoheader'
AUTOMAKE='${SHELL} /Users/kochanski1/project/rescal-snow/missing automake-1.14'
AVX_CFLAGS=''
AWK='awk'
CC='gcc'
CCDEPMODE='depmode=gcc3'
CFLAGS='-I/Users/kochanski1/gtk/inst/include -O2'
CPP='gcc -E'
CPPFLAGS=''
CYGPATH_W='echo'
DEFS='-DHAVE_CONFIG_H'
DEPDIR='.deps'
ECHO_C='\c'
ECHO_N=''
ECHO_T=''
EGREP='/usr/bin/grep -E'
EXEEXT=''
GLIB_CFLAGS='-I/Users/kochanski1/gtk/inst/include/glib-2.0 -I/Users/kochanski1/gtk/inst/lib/glib-2.0/include'
GLIB_LIBS='-L/Users/kochanski1/gtk/inst/lib -lglib-2.0 -lintl -Wl,-framework -Wl,CoreFoundation'
GMODULE_CFLAGS='-D_REENTRANT -I/Users/kochanski1/gtk/inst/include/glib-2.0 -I/Users/kochanski1/gtk/inst/lib/glib-2.0/include'
GMODULE_LIBS='-L/Users/kochanski1/gtk/inst/lib -lgmodule-2.0 -lglib-2.0 -lintl -Wl,-framework -Wl,CoreFoundation'
GREP='/usr/bin/grep'
GTHREAD_CFLAGS='-D_REENTRANT -I/Users/kochanski1/gtk/inst/include/glib-2.0 -I/Users/kochanski1/gtk/inst/lib/glib-2.0/include'
GTHREAD_LIBS='-L/Users/kochanski1/gtk/inst/lib -lgthread-2.0 -lglib-2.0 -lintl -Wl,-framework -Wl,CoreFoundation'
GTK_CFLAGS='-D_REENTRANT -I/Users/kochanski1/gtk/inst/include/gtk-2.0 -I/Users/kochanski1/gtk/inst/lib/gtk-2.0/include -I/Users/kochanski1/gtk/inst/include/pango-1.0 -I/Users/kochanski1/gtk/inst/include/atk-1.0 -I/Users/kochanski1/gtk/inst/include/cairo -I/Users/kochanski1/gtk/inst/include/pixman-1 -I/Users/kochanski1/gtk/inst/include/libpng16 -I/Users/kochanski1/gtk/inst/include/gdk-pixbuf-2.0 -I/Users/kochanski1/gtk/inst/include/libpng16 -I/Users/kochanski1/gtk/inst/include -I/Users/kochanski1/gtk/inst/include/glib-2.0 -I/Users/kochanski1/gtk/inst/lib/glib-2.0/include'
GTK_LIBS='-L/Users/kochanski1/gtk/inst/lib -lgtk-quartz-2.0 -lgdk-quartz-2.0 -lpangocairo-1.0 -lpango-1.0 -latk-1.0 -lcairo -lgdk_pixbuf-2.0 -lgio-2.0 -lgobject-2.0 -lglib-2.0 -lintl -Wl,-framework -Wl,CoreFoundation'
HAVE_AVX_FALSE=''
HAVE_AVX_TRUE='#'
INSTALL_DATA='${INSTALL} -m 644'
INSTALL_PROGRAM='${INSTALL}'
INSTALL_SCRIPT='${INSTALL}'
INSTALL_STRIP_PROGRAM='$(install_sh) -c -s'
LDFLAGS='-L/Users/kochanski1/gtk/inst/lib -lpng'
LIBOBJS=''
LIBS='-lpng -lpthread '
LN_S='ln -s'
LTLIBOBJS=''
MAKEINFO='${SHELL} /Users/kochanski1/project/rescal-snow/missing makeinfo'
MKDIR_P='./install-sh -c -d'
OBJEXT='o'
OPENMP_CFLAGS=''
PACKAGE='rescal'
PACKAGE_BUGREPORT='rozier@ipgp.fr'
PACKAGE_NAME='ReSCAL'
PACKAGE_STRING='ReSCAL 1.6'
PACKAGE_TARNAME='rescal'
PACKAGE_URL=''
PACKAGE_VERSION='1.6'
PATH_SEPARATOR=':'
PKG_CONFIG='/Users/kochanski1/gtk/source/pkg-config-0.29.2//pkg-config'
PKG_CONFIG_LIBDIR=''
PKG_CONFIG_PATH=''
SET_MAKE=''
SHELL='/bin/sh'
STRIP=''
VERSION='1.6'
ac_ct_CC='gcc'
am__EXEEXT_FALSE=''
am__EXEEXT_TRUE='#'
am__fastdepCC_FALSE='#'
am__fastdepCC_TRUE=''
am__include='include'
am__isrc=''
am__leading_dot='.'
am__nodep='_no'
am__quote=''
am__tar='$${TAR-tar} chof - "$$tardir"'
am__untar='$${TAR-tar} xf -'
bindir='${exec_prefix}/bin'
build_alias=''
datadir='${datarootdir}'
datarootdir='${prefix}/share'
docdir='${datarootdir}/doc/${PACKAGE_TARNAME}'
dvidir='${docdir}'
exec_prefix='${prefix}'
host_alias=''
htmldir='${docdir}'
includedir='${prefix}/include'
infodir='${datarootdir}/info'
install_sh='${SHELL} /Users/kochanski1/project/rescal-snow/install-sh'
libdir='${exec_prefix}/lib'
libexecdir='${exec_prefix}/libexec'
localedir='${datarootdir}/locale'
localstatedir='${prefix}/var'
mandir='${datarootdir}/man'
mkdir_p='$(MKDIR_P)'
oldincludedir='/usr/include'
pdfdir='${docdir}'
prefix='/usr/local'
program_transform_name='s,x,x,'
psdir='${docdir}'
sbindir='${exec_prefix}/sbin'
sharedstatedir='${prefix}/com'
sysconfdir='${prefix}/etc'
target_alias=''

## ----------- ##
## confdefs.h. ##
## ----------- ##

/* confdefs.h */
#define PACKAGE_NAME "ReSCAL"
#define PACKAGE_TARNAME "rescal"
#define PACKAGE_VERSION "1.6"
#define PACKAGE_STRING "ReSCAL 1.6"
#define PACKAGE_BUGREPORT "rozier@ipgp.fr"
#define PACKAGE_URL ""
#define PACKAGE "rescal"
#define VERSION "1.6"
#define HAVE_LIBPTHREAD 1
#define HAVE_LIBPNG 1
#define STDC_HEADERS 1
#define HAVE_SYS_TYPES_H 1
#define HAVE_SYS_STAT_H 1
#define HAVE_STDLIB_H 1
#define HAVE_STRING_H 1
#define HAVE_MEMORY_H 1
#define HAVE_STRINGS_H 1
#define HAVE_INTTYPES_H 1
#define HAVE_STDINT_H 1
#define HAVE_UNISTD_H 1
#define HAVE_LOCALE_H 1
#define HAVE_MEMORY_H 1
#define HAVE_STDLIB_H 1
#define HAVE_STRING_H 1
#define HAVE_SYS_TIME_H 1
#define HAVE_UNISTD_H 1
#define HAVE_STRSTR 1
#define HAVE_STRDUP 1
#define HAVE_STDLIB_H 1
#define HAVE_MALLOC 1
#define HAVE_STDLIB_H 1
#define HAVE_REALLOC 1
#define HAVE_FLOOR 1
#define HAVE_GETTIMEOFDAY 1
#define HAVE_MEMSET 1
#define HAVE_POW 1
#define HAVE_SETLOCALE 1
#define HAVE_SQRT 1
#define HAVE_STRCHR 1

configure: exit 0
