
# DOUBLETS

NB_TYPE_DOUBLET = 25
DB( 0): EAST_WEST, [EAUC, GRV] active
DB( 1): EAST_WEST, [EAUC, GRJ] 
DB( 2): VERTICAL, [EAUC, GRV] active
DB( 3): VERTICAL, [GRJ, EAUC] active
DB( 4): VERTICAL, [GR, DUM] active
DB( 5): VERTICAL, [GRV, DUM] 
DB( 6): VERTICAL, [GR, BORD] active
DB( 7): VERTICAL, [GRV, BORD] 
DB( 8): VERTICAL, [GR, GRV] active
DB( 9): VERTICAL, [GRV, GRV] 
DB(10): EAST_WEST, [EAUC, GR] active
DB(11): VERTICAL, [EAUC, GR] active
DB(12): VERTICAL, [GR, EAUC] active
DB(13): VERTICAL, [EAUC, GRJ] active
DB(14): EAST_WEST, [GRJ, EAUC] active
DB(15): EAST_WEST, [GRJ, GR] active
DB(16): EAST_WEST, [GR, EAUC] active
DB(17): EAST_WEST, [GR, GR] 
DB(18): EAST_WEST, [GRJ, DUM] active
DB(19): EAST_WEST, [GR, DUM] 
DB(20): EAST_WEST, [GR, GRJ] active
DB(21): NORTH_SOUTH, [GR, EAUC] active
DB(22): NORTH_SOUTH, [EAUC, GR] active
DB(23): HORIZONTAL, [GR, EAUC] 
DB(24): HORIZONTAL, [EAUC, GR] 

# NUMBER OF ACTIVE DOUBLETS

          DB( 0)     DB( 2)     DB( 3)     DB( 4)     DB( 6)     DB( 8)     DB(10)     DB(11)     DB(12)     DB(13)     DB(14)     DB(15)     DB(16)     DB(18)     DB(20)     DB(21)     DB(22)
0000:       5617      23936          0          0          0          0          0          0       2400          0          0          0          0          0          0       2400       2400
0001:          0       8808       2333          0          0      14669       5946      15015         91       2601       2367        359       5672          0        172       5778       5783
0002:          3       9445       2486          0          0      14022       5608      14347         98       2792       2494        434       5432          0        177       5534       5541
0003:          1       9144       2681          0          0      14292       6074      14705        123       2955       2539        689       6024          0        243       5886       5833
0004:          1       7561       3041          0          0      15712       6556      16081        120       3519       2835        953       6873          0        289       6384       6356
0005:          1       5777       2981          0          0      17408       7335      17709        121       3616       2850       1009       7564          0        327       6580       6627
0006:          0       7876       2478          0          0      15453       8109      15825         91       2867       2117       1349       7586          0        388       6053       6170
0007:          2       6752       2485          0          0      16539       8248      16795        130       3068       2090       1544       8220          0        436       6589       6600
0008:          3       6728       2699          0          0      16563       8471      16844        144       3270       2225       1813       9081          0        494       6639       6630
0009:          1       4984       2978          0          0      18027       8360      18178        135       3951       2586       1815       9588          0        459       6986       7015
0010:          1       5029       2545          0          0      18091       9344      18387        128       3256       2492        977       9280          0        321       7142       7085
0011:          1       6891       2326        165          0      15855       9169      16361        118       2822       1965       1633       8229          0        420       6472       6565
0012:          1       6109       2450        200          0      16491       9297      16970        145       3132       2077       1736       8858          0        455       6781       6831
0013:          0       5549       2763        285          0      16648       9239      17198        131       3457       2278       1891       9448          0        488       6940       7070
0014:          4       5313       2845         59          0      17687       9115      17797        126       3848       2409       2133       9184          0        465       7041       7113
0015:          1       4678       2681        123          0      18225      10222      18619        143       3472       2542       1233      10083          0        351       7310       7347
0016:          3       6417       2288        343          0      15643      10007      16259        124       2770       1910       1766       8575          0        395       6634       6547
0017:          1       5919       2368        322          0      16241       9733      16746        107       3128       1995       1735       8678          0        464       6855       6883
0018:          1       5477       2418        442          0      15747       9674      16376        100       3082       1979       2007       8918          0        449       6627       6696
0019:          4       4810       2599        447          0      17008       9413      17560        101       3451       2079       2077       9733          0        394       7148       7147
0020:          1       4341       2591        580          0      16740      10128      17577        142       3352       2509       1187      10313          0        337       7208       7186
0021:          0       5493       2310        811          0      14712       9337      15706        108       2967       1735       2045       8448          0        416       6563       6538
0022:          3       5011       2458       1060          0      14673       9948      15979        140       3030       2014       2002       9209          0        399       6962       6912
0023:          1       5074       2387        653          0      15587       9246      16132        130       3397       2058       1985       8294          0        353       6652       6667
0024:          2       6167       2176        417          0      15269       8922      15607        104       3108       1854       1967       7678          0        318       6291       6284
0025:          2       4627       2226        535          0      15960       9104      16410        101       3179       1919       1764       8516          0        365       6587       6620
0026:          0       4038       2261        733          0      16638      10052      17497        160       3084       2164       1252      10115          0        333       7081       7070
0027:          1       4290       2461       1364          0      16117      10573      17678        132       3181       2397       1106      10513          0        330       7322       7344
0028:          0       4479       2501       1826          0      14317      11695      16635        217       2949       2596        475       9716          0        254       7335       7367
0029:          9       5250       1768       1381          0      12895      10275      14398        123       2314       1487       1592       7052          0        335       6405       6480
0030:          0       4961       1588        734          0      12436       9873      13433        100       2009       1249       1535       6036          0        317       5886       5808
0031:          1       4843       1692        596          0      12781       9475      13447         86       2259       1339       1878       5983          0        312       5725       5667
0032:          3       4731       1679        513          0      14937       9629      15213         85       2637       1316       1935       7586          0        315       6239       6264
0033:          1       3682       1975        558          0      16127       9760      16624         87       2901       1693       1747      10102          0        359       6864       6861
0034:          0       3353       2402        725          0      16727      10050      17454        156       3452       2321       1566      10732          0        405       7283       7309
0035:          1       4030       2692       1098          0      16821      10390      18066        205       3574       2544       1326      11147          0        354       7559       7547
0036:          3       4483       2471       1711          0      15539      11240      17689        203       3074       2457        762      10831          0        278       7532       7548
0037:          3       5272       2063       1513          0      13261      10421      14848        120       2736       1802       1610       7175          0        330       6803       6713
0038:          2       4543       1564        951          0      13005      10367      14180        122       2036       1342       1409       6878          0        317       6152       6225
0039:          0       4886       1695        738          0      12765       9592      13551         81       2352       1339       1800       5896          0        402       5671       5670
0040:          1       4248       1662        641          0      13761       9323      14329         79       2427       1218       1823       6751          0        356       5816       5841
0041:          2       4234       1851        574          0      15716       9540      16079         90       2893       1550       1935       8913          0        368       6484       6571
0042:          1       3451       2187        638          0      16395       9858      16965        118       3154       2019       1611      10238          0        339       6952       6979
0043:          1       3175       2655        769          0      16615      10031      17420        144       3650       2531       1589      10971          0        375       7438       7372
0044:          0       3978       2398       1049          0      16553      10577      17863        162       3148       2282       1187      10818          0        366       7403       7435
0045:          1       4139       2586       1726          0      15873      10967      17930        206       3332       2572        997      11073          0        359       7537       7596