ReSCAL 1.6 (2016-10)
SNO model - simulation of snow surface under fluid flow
format of numerical values: C 
size of long: 8 bytes (64b)
size of cell: 1 byte(s)
lattice gas enabled
support for periodic boundary conditions
args: dun_small.par -cv0 -lc -h 20 -ls 45 -vel -vss -info -dpng 1 -dcsp 5 -stop 2 
stop delay: 2

usage: rescal PARAMETERS_FILE [OPTIONS]
       rescal -h
       rescal -hm

GENERAL OPTIONS
  -h 		 display usage information
  -hm 		 display parameters of the compiled model
  -nv 		 no window mode
  -info 	 monitoring data every minutes
  -dcsp <n> 	 generation of a CSP file every <n> minutes
  -dcsp <f>t0 	 generation of a CSP file with delay in t0 unit (float value)
  -dcsphpp <n> 	 generation of CSP and HPP files every <n> minutes
  -dcsphpp <f>t0 	 generation of CSP and HPP files with delay in t0 unit (float value)
  -dbin <n> 	 generation of a binary file every <n> minutes
  -dpng <n> 	 generation of a PNG image every <n> seconds
  -dpng <f>t0	 generation of PNG images with delay in t0 unit (float value)
  -stop <n> 	 quit after <n> minutes
  -stop <f>t0 	 quit after running <f> t0 in simulated time
  -stoptime <f>t0 	 quit when simulated time reaches <f> t0
  -q 		 quit at the end of simulation
  -fr <n> 	 frame rate (fps)
  -s <n> 	 random seed

GRAPHICAL OPTIONS
  -ch <val> 	 horizontal cross section of height <val>
  -cv0 		 centered vertical cross sections
  -cv <a>x<o> 	 vertical cross sections at abscissa <a> and ordinate <o>
  -lc 		 show cut lines
  -ls <angle> 	 surface rendering with ligth source elevation = <angle> degrees
  -al 		 height map
  -lal 		 low height map
  -tr <cel> 	 transparent cells of type <cel>
  -vel 		 view flow mean velocity on a vertical plan
  -vel2 	 view flow mean velocity and vector field on a vertical plan
  -vss 		 view shear stress
  -vss2 	 view renormalized shear stress between min and max thresholds

Please see README file for instructions (also see http://www.ipgp.fr/rescal).
deterministic execution
read parameters file : dun_small.par
Model = SNO
Csp_file = DUN.csp
H = 20
L = 200
D = 100
WARNING: unkown parameter - Csp_template
Boundary = REINJECTION
Time = 0.0
Phys_prop_file = real_data/desert_earth.prop
Qsat_file = real_data/PDF.data
Lambda_E = 4
Lambda_C = 2
Lambda_T = 30
Coef_A = 0.2
Coef_B = 1
Coef_C = 3
Prob_link_ET = 0.5
Prob_link_TT = 1.0
High_mobility = 1
Lambda_D = 0.06
Lambda_I = 1
Lambda_G = 1000
Ava_mode = TRANS
Lambda_A = 1
Ava_angle = 35.0
Ava_h_lim = 1
Lgca_delay = 1.0
Init_ncycl = 150
Lgca_speedup = 1000
Tau_min = 0
Tau_max = 1000
read_parameters : 31 parametres lus
WARNING: parameter Bin_file not found
WARNING: parameter Seed not found
WARNING: parameter Lambda_D_mob not found
WARNING: parameter Use_lgca not found
WARNING: parameter Lambda_A_unstable not found
WARNING: parameter Ava_nb_cel not found
WARNING: parameter Ava_delay not found
WARNING: parameter Ava_duration not found
WARNING: parameter Ava_angle_unstable not found
WARNING: parameter Ava_upwind not found
WARNING: parameter Rot_mode not found
WARNING: parameter Rot_angle not found
WARNING: parameter Rot_delay not found
WARNING: parameter Rot_ncycl not found
WARNING: parameter Centering_delay not found
WARNING: parameter Wind_file not found
WARNING: parameter Hpp_file not found
WARNING: parameter Lgca_gfor not found
WARNING: parameter Lgca_reset not found
reading CSP metadata
size of header: 80
chunk MODL: SNO
chunk SIZE: 20 x 200 x 100
chunk CELL: 1
chunk TIME: 0.000000
size of cellular space with bounds (HxLxD): 22 x 202 x 102
allocation TE : 453288
allocation RefDB_Type : 1.36 Mo
allocation RefDB_Ind : 5.44 Mo
total de la memoire allouee : 7.26 Mo
random seed: 273676
reading CSP data : DUN.csp
szcell = 1
csp_cell_size = 1
couloir : LN = 1   LS = 100   LNS = 100   nb_pv = 100
h_ceil = 0
h_floor = 0
Warning (models.c): MODEL_SNO has not yet been implemented.transitions sur le bord
decouplage des doublets horizontaux : passe 0
decouplage de la transition horizontale 13 [ GR, EAUC ] -> [ EAUC, GR ]
decouplage du doublet horizontal 15 [ GR , EAUC ] en un doublet est-ouest 8 et un doublet nord-sud 13
decouplage du doublet horizontal 16 [ EAUC , GR ] en un doublet est-ouest 0 et un doublet nord-sud 14
decouplage des liens contenant la transition 13
decouplage de la transition horizontale 14 [ EAUC, GR ] -> [ GR, EAUC ]
decouplage du doublet horizontal 16 [ EAUC , GR ] en un doublet est-ouest 0 et un doublet nord-sud 14
decouplage du doublet horizontal 15 [ GR , EAUC ] en un doublet est-ouest 8 et un doublet nord-sud 13
decouplage des liens contenant la transition 14
decouplage des doublets horizontaux : passe 1
nombre de transitions = 19
allocation db_pos : 2307648
total de la memoire allouee : 9.59 Mo
allocation alti : 41208
calcul des normales 2d et 3d
init_collisions
NB_MVT_VER = 1
NB_MVT_EO = 1
DIST_MVT_NS = 5
CLN = 0
CLS = 19
CH = 22
CLEO = 202
CLNS = 20
VSTEP_H = 5
VSTEP_L = 5
VSTEP_TIME = 50
VH = 5
VL = 41
forcage global du flux, intensite = 0.001000
brouillage flux sur le bord gauche
rebonds realistes PLAF_REAL
allocation CelMvt : 177760
allocation CelMvt2 : 177760
total de la memoire allouee : 10.40 Mo
reset lattice gas
speedup of the lattice gas: 1000
nb_mvt_in = 0
rescal_init: end
abs_cv = 101
prof_cv = 51
rot_mode = 1
allocation image : 55552
total de la memoire allouee : 10.46 Mo
create_window: start
on_action_info_activate : 1
create_window: end
nb_shades=2
nb_values=121
allocation csp_tmp (rotation) : 453288
write CSP: SNO0000.csp, csp_time = 0.000000 (t0)
writing CSP data : SNO0000.csp
header size: 80
view_dump_init
view_dump_png: writing file SNO0000-00.png
flash_delay_avg = 2.825999
frame_delay = 14.129996
debut de la simulation ...
csp_time = 0.000000
simul_time_scale: read physical parameters file real_data/desert_earth.prop
kappa=0.400000
z_0=0.001000
z=12.000000
rhoair=1.293000
rhosand=2550.000000
g=9.810000
d=0.000180
ut=0.186613
l_0=0.443736
simul_time_scale: read qsat data file real_data/PDF.data
number of rows: 501
ustar=3.296306
time_scale = 1775.11
lgca_delay = 1.000000
flow stabilization : 150 cycles
allocation Velx : 16400
allocation Vely : 16400
allocation Velx_time : 820000
allocation Vely_time : 820000
total de la memoire allouee : 12.59 Mo
allocation Velx_interp : 1.81 Mo
allocation Vely_interp : 1.81 Mo
total de la memoire allouee : 16.22 Mo
end of flow stabilization : meanvel = 0.000000   maxvel = 0.000000
grdvc_min = 1.000000
grdvc = 0.000000
grdvc_max = 1000.000000
calcule_grad_vel : dist0_grdv = 0.000000   dist_grdv = 10.000000
calcul coef_cgv pour correction du pas de temps
check_ava : ava_h_lim = 1
check_ava : ava_angle = 35.000000
calcule_norm3d_cel_pente_max_interp : r = 3.000000   r0 = 2
view_dump_png: writing file SNO0000-01.png
csp_time = 100.053490
time spent in stochastic engine : 0.47 sec (64.3 %)
time spent in lattice gas : 0.26 sec (35.7 %)
affichage : 13.84 fps
csp_time = 200.001589
time spent in stochastic engine : 0.78 sec (60.4 %)
time spent in lattice gas : 0.51 sec (39.6 %)
view_dump_png: writing file SNO0000-02.png
simul_trans: too many blocked transitions (453288)
simul_csp: time evolution forced (264.471233)
simul_trans: too many blocked transitions (453288)
simul_csp: time evolution forced (265.000000)
simul_trans: too many blocked transitions (453288)
simul_csp: time evolution forced (266.000000)
simul_trans: too many blocked transitions (453288)
simul_csp: time evolution forced (267.000000)
simul_trans: too many blocked transitions (453288)
simul_csp: time evolution forced (268.000000)
simul_trans: too many blocked transitions (453288)
simul_csp: time evolution forced (269.000000)
simul_trans: too many blocked transitions (453288)
simul_csp: time evolution forced (270.000000)
simul_trans: too many blocked transitions (453288)
simul_csp: time evolution forced (271.000000)
simul_trans: too many blocked transitions (453288)
simul_csp: time evolution forced (272.000000)
simul_trans: too many blocked transitions (453288)
simul_csp: time evolution forced (273.000000)
view_dump_png: writing file SNO0000-03.png
simul_trans: too many blocked transitions (453288)
simul_csp: time evolution forced (274.000000)
simul_trans: too many blocked transitions (453288)
simul_csp: time evolution forced (275.000000)
width=230, height=248
allocation image_zoom : 83328
simul_trans: too many blocked transitions (453288)
simul_csp: time evolution forced (276.000000)
simul_trans: too many blocked transitions (453288)
simul_csp: time evolution forced (277.000000)
simul_trans: too many blocked transitions (453288)
simul_csp: time evolution forced (278.000000)
simul_trans: too many blocked transitions (453288)
simul_csp: time evolution forced (279.000000)
simul_trans: too many blocked transitions (453288)
simul_csp: time evolution forced (280.000000)
simul_trans: too many blocked transitions (453288)
simul_csp: time evolution forced (281.000000)
simul_trans: too many blocked transitions (453288)
simul_csp: time evolution forced (282.000000)
view_dump_png: writing file SNO0000-04.png
simul_trans: too many blocked transitions (453288)
simul_csp: time evolution forced (283.000000)
simul_trans: too many blocked transitions (453288)
simul_csp: time evolution forced (284.000000)
simul_trans: too many blocked transitions (453288)
simul_csp: time evolution forced (285.000000)
simul_trans: too many blocked transitions (453288)
simul_csp: time evolution forced (286.000000)
simul_trans: too many blocked transitions (453288)
simul_csp: time evolution forced (287.000000)
simul_trans: too many blocked transitions (453288)
simul_csp: time evolution forced (288.000000)
simul_trans: too many blocked transitions (453288)
simul_csp: time evolution forced (289.000000)
simul_trans: too many blocked transitions (453288)
simul_csp: time evolution forced (290.000000)
simul_trans: too many blocked transitions (453288)
simul_csp: time evolution forced (291.000000)
view_dump_png: writing file SNO0000-05.png
simul_trans: too many blocked transitions (453288)
simul_csp: time evolution forced (292.000000)
simul_trans: too many blocked transitions (453288)
simul_csp: time evolution forced (293.000000)
simul_trans: too many blocked transitions (453288)
simul_csp: time evolution forced (294.000000)
simul_trans: too many blocked transitions (453288)
simul_csp: time evolution forced (295.000000)
simul_trans: too many blocked transitions (453288)
simul_csp: time evolution forced (296.000000)
simul_trans: too many blocked transitions (453288)
simul_csp: time evolution forced (297.000000)
simul_trans: too many blocked transitions (453288)
simul_csp: time evolution forced (298.000000)
simul_trans: too many blocked transitions (453288)
simul_csp: time evolution forced (299.000000)
csp_time = 300.000000
time spent in stochastic engine : 4.63 sec (85.7 %)
time spent in lattice gas : 0.77 sec (14.3 %)
simul_trans: too many blocked transitions (453288)
simul_csp: time evolution forced (300.000000)
simul_trans: too many blocked transitions (453288)
simul_csp: time evolution forced (301.000000)
view_dump_png: writing file SNO0000-06.png
simul_trans: too many blocked transitions (453288)
simul_csp: time evolution forced (302.000000)
simul_trans: too many blocked transitions (453288)
simul_csp: time evolution forced (303.000000)
simul_trans: too many blocked transitions (453288)
simul_csp: time evolution forced (304.000000)
simul_trans: too many blocked transitions (453288)
simul_csp: time evolution forced (305.000000)
simul_trans: too many blocked transitions (453288)
simul_csp: time evolution forced (306.000000)
simul_trans: too many blocked transitions (453288)
simul_csp: time evolution forced (307.000000)
simul_trans: too many blocked transitions (453288)
simul_csp: time evolution forced (308.000000)
simul_trans: too many blocked transitions (453288)
simul_csp: time evolution forced (309.000000)
simul_trans: too many blocked transitions (453288)
simul_csp: time evolution forced (310.000000)
view_dump_png: writing file SNO0000-07.png
simul_trans: too many blocked transitions (453288)
simul_csp: time evolution forced (311.000000)
simul_trans: too many blocked transitions (453288)
simul_csp: time evolution forced (312.000000)
simul_trans: too many blocked transitions (453288)
simul_csp: time evolution forced (313.000000)
simul_trans: too many blocked transitions (453288)
simul_csp: time evolution forced (314.000000)
simul_trans: too many blocked transitions (453288)
simul_csp: time evolution forced (315.000000)
simul_trans: too many blocked transitions (453288)
simul_csp: time evolution forced (316.000000)
simul_trans: too many blocked transitions (453288)
simul_csp: time evolution forced (317.000000)
simul_trans: too many blocked transitions (453288)
simul_csp: time evolution forced (318.000000)
simul_trans: too many blocked transitions (453288)
simul_csp: time evolution forced (319.000000)
simul_trans: too many blocked transitions (453288)
simul_csp: time evolution forced (320.000000)
view_dump_png: writing file SNO0000-08.png
simul_trans: too many blocked transitions (453288)
simul_csp: time evolution forced (321.000000)
simul_trans: too many blocked transitions (453288)
simul_csp: time evolution forced (322.000000)
simul_trans: too many blocked transitions (453288)
simul_csp: time evolution forced (323.000000)
simul_trans: too many blocked transitions (453288)
simul_csp: time evolution forced (324.000000)
simul_trans: too many blocked transitions (453288)
simul_csp: time evolution forced (325.000000)
simul_trans: too many blocked transitions (453288)
simul_csp: time evolution forced (326.000000)
simul_trans: too many blocked transitions (453288)
simul_csp: time evolution forced (327.000000)
simul_trans: too many blocked transitions (453288)
simul_csp: time evolution forced (328.000000)
simul_trans: too many blocked transitions (453288)
simul_csp: time evolution forced (329.000000)
simul_trans: too many blocked transitions (453288)
simul_csp: time evolution forced (330.000000)
view_dump_png: writing file SNO0000-09.png
simul_trans: too many blocked transitions (453288)
simul_csp: time evolution forced (331.000000)
simul_trans: too many blocked transitions (453288)
simul_csp: time evolution forced (332.000000)
simul_trans: too many blocked transitions (453288)
simul_csp: time evolution forced (333.000000)
simul_trans: too many blocked transitions (453288)
simul_csp: time evolution forced (334.000000)
simul_trans: too many blocked transitions (453288)
simul_csp: time evolution forced (335.000000)
simul_trans: too many blocked transitions (453288)
simul_csp: time evolution forced (336.000000)
simul_trans: too many blocked transitions (453288)
simul_csp: time evolution forced (337.000000)
simul_trans: too many blocked transitions (453288)
simul_csp: time evolution forced (338.000000)
simul_trans: too many blocked transitions (453288)
simul_csp: time evolution forced (339.000000)
view_dump_png: writing file SNO0000-10.png
simul_trans: too many blocked transitions (453288)
simul_csp: time evolution forced (340.000000)
simul_trans: too many blocked transitions (453288)
simul_csp: time evolution forced (341.000000)
simul_trans: too many blocked transitions (453288)
simul_csp: time evolution forced (342.000000)
simul_trans: too many blocked transitions (453288)
simul_csp: time evolution forced (343.000000)
simul_trans: too many blocked transitions (453288)
simul_csp: time evolution forced (344.000000)
simul_trans: too many blocked transitions (453288)
simul_csp: time evolution forced (345.000000)
simul_trans: too many blocked transitions (453288)
simul_csp: time evolution forced (346.000000)
simul_trans: too many blocked transitions (453288)
simul_csp: time evolution forced (347.000000)
simul_trans: too many blocked transitions (453288)
simul_csp: time evolution forced (348.000000)
simul_trans: too many blocked transitions (453288)
simul_csp: time evolution forced (349.000000)
view_dump_png: writing file SNO0000-11.png
simul_trans: too many blocked transitions (453288)
simul_csp: time evolution forced (350.000000)
simul_trans: too many blocked transitions (453288)
simul_csp: time evolution forced (351.000000)
simul_trans: too many blocked transitions (453288)
simul_csp: time evolution forced (352.000000)
simul_trans: too many blocked transitions (453288)
simul_csp: time evolution forced (353.000000)
simul_trans: too many blocked transitions (453288)
simul_csp: time evolution forced (354.000000)
simul_trans: too many blocked transitions (453288)
simul_csp: time evolution forced (355.000000)
simul_trans: too many blocked transitions (453288)
simul_csp: time evolution forced (356.000000)
simul_trans: too many blocked transitions (453288)
simul_csp: time evolution forced (357.000000)
simul_trans: too many blocked transitions (453288)
simul_csp: time evolution forced (358.000000)
view_dump_png: writing file SNO0000-12.png
simul_trans: too many blocked transitions (453288)
simul_csp: time evolution forced (359.000000)
simul_trans: too many blocked transitions (453288)
simul_csp: time evolution forced (360.000000)
simul_trans: too many blocked transitions (453288)
simul_csp: time evolution forced (361.000000)
simul_trans: too many blocked transitions (453288)
simul_csp: time evolution forced (362.000000)
simul_trans: too many blocked transitions (453288)
simul_csp: time evolution forced (363.000000)
simul_trans: too many blocked transitions (453288)
simul_csp: time evolution forced (364.000000)
simul_trans: too many blocked transitions (453288)
simul_csp: time evolution forced (365.000000)
simul_trans: too many blocked transitions (453288)
simul_csp: time evolution forced (366.000000)
simul_trans: too many blocked transitions (453288)
simul_csp: time evolution forced (367.000000)
simul_trans: too many blocked transitions (453288)
simul_csp: time evolution forced (368.000000)
view_dump_png: writing file SNO0000-13.png
simul_trans: too many blocked transitions (453288)
simul_csp: time evolution forced (369.000000)
simul_trans: too many blocked transitions (453288)
simul_csp: time evolution forced (370.000000)
simul_trans: too many blocked transitions (453288)
simul_csp: time evolution forced (371.000000)
simul_trans: too many blocked transitions (453288)
simul_csp: time evolution forced (372.000000)
simul_trans: too many blocked transitions (453288)
simul_csp: time evolution forced (373.000000)
simul_trans: too many blocked transitions (453288)
simul_csp: time evolution forced (374.000000)
simul_trans: too many blocked transitions (453288)
simul_csp: time evolution forced (375.000000)
simul_trans: too many blocked transitions (453288)
simul_csp: time evolution forced (376.000000)
simul_trans: too many blocked transitions (453288)
simul_csp: time evolution forced (377.000000)
simul_trans: too many blocked transitions (453288)
simul_csp: time evolution forced (378.000000)
view_dump_png: writing file SNO0000-14.png
simul_trans: too many blocked transitions (453288)
simul_csp: time evolution forced (379.000000)
simul_trans: too many blocked transitions (453288)
simul_csp: time evolution forced (380.000000)
simul_trans: too many blocked transitions (453288)
simul_csp: time evolution forced (381.000000)
simul_trans: too many blocked transitions (453288)
simul_csp: time evolution forced (382.000000)
simul_trans: too many blocked transitions (453288)
simul_csp: time evolution forced (383.000000)
simul_trans: too many blocked transitions (453288)
simul_csp: time evolution forced (384.000000)
simul_trans: too many blocked transitions (453288)
simul_csp: time evolution forced (385.000000)
simul_trans: too many blocked transitions (453288)
simul_csp: time evolution forced (386.000000)
simul_trans: too many blocked transitions (453288)
simul_csp: time evolution forced (387.000000)
simul_trans: too many blocked transitions (453288)
simul_csp: time evolution forced (388.000000)
view_dump_png: writing file SNO0000-15.png
simul_trans: too many blocked transitions (453288)
simul_csp: time evolution forced (389.000000)
simul_trans: too many blocked transitions (453288)
simul_csp: time evolution forced (390.000000)
simul_trans: too many blocked transitions (453288)
simul_csp: time evolution forced (391.000000)
simul_trans: too many blocked transitions (453288)
simul_csp: time evolution forced (392.000000)
simul_trans: too many blocked transitions (453288)
simul_csp: time evolution forced (393.000000)
simul_trans: too many blocked transitions (453288)
simul_csp: time evolution forced (394.000000)
simul_trans: too many blocked transitions (453288)
simul_csp: time evolution forced (395.000000)
simul_trans: too many blocked transitions (453288)
simul_csp: time evolution forced (396.000000)
simul_trans: too many blocked transitions (453288)
simul_csp: time evolution forced (397.000000)
view_dump_png: writing file SNO0000-16.png
simul_trans: too many blocked transitions (453288)
simul_csp: time evolution forced (398.000000)
simul_trans: too many blocked transitions (453288)
simul_csp: time evolution forced (399.000000)
csp_time = 400.000000
time spent in stochastic engine : 14.79 sec (93.5 %)
time spent in lattice gas : 1.03 sec (6.5 %)
simul_trans: too many blocked transitions (453288)
simul_csp: time evolution forced (400.000000)
simul_trans: too many blocked transitions (453288)
simul_csp: time evolution forced (401.000000)
simul_trans: too many blocked transitions (453288)
simul_csp: time evolution forced (402.000000)
simul_trans: too many blocked transitions (453288)
simul_csp: time evolution forced (403.000000)
simul_trans: too many blocked transitions (453288)
simul_csp: time evolution forced (404.000000)
simul_trans: too many blocked transitions (453288)
simul_csp: time evolution forced (405.000000)
simul_trans: too many blocked transitions (453288)
simul_csp: time evolution forced (406.000000)
simul_trans: too many blocked transitions (453288)
simul_csp: time evolution forced (407.000000)
view_dump_png: writing file SNO0000-17.png
simul_trans: too many blocked transitions (453288)
simul_csp: time evolution forced (408.000000)
simul_trans: too many blocked transitions (453288)
simul_csp: time evolution forced (409.000000)
simul_trans: too many blocked transitions (453288)
simul_csp: time evolution forced (410.000000)
simul_trans: too many blocked transitions (453288)
simul_csp: time evolution forced (411.000000)
