
# TRANSITIONS

NB_TRANS_DB = 23
TR( 0): EAST_WEST, [EAUC, GRV] -> [EAUC, GRJ], 1600.000000000
TR( 1): VERTICAL, [EAUC, GRV] -> [GRJ, EAUC], 0.016000000
TR( 2): VERTICAL, [GR, DUM] -> [GRV, DUM], 0.100000001
TR( 3): VERTICAL, [GR, BORD] -> [GRV, BORD], 0.100000001
TR( 4): VERTICAL, [GR, GRV] -> [GRV, GRV], 0.100000001
TR( 5): VERTICAL, [GR, GR] -> [GRV, GR], 0.010000000
TR( 6): EAST_WEST, [EAUC, GR] -> [EAUC, GRJ], 4.000000000 {chk[2]+,time_corr}
TR( 7): VERTICAL, [EAUC, GR] -> [GRJ, EAUC], 0.000040000 {chk[2]+,time_corr} <TRANSPORT>
TR( 8): VERTICAL, [GR, EAUC] -> [EAUC, GR], 1000.000000000 <TRANSPORT>
TR( 9): VERTICAL, [GRJ, EAUC] -> [EAUC, GRJ], 18.750000000 <TRANSPORT>
TR(10): VERTICAL, [EAUC, GRJ] -> [GRJ, EAUC], 48.000000000 <TRANSPORT>
TR(11): EAST_WEST, [GRJ, EAUC] -> [EAUC, GRJ], 30.000000000 <TRANSPORT>
TR(12): EAST_WEST, [GRJ, GR] -> [GRJ, GR], 30.000000000
TR(13): EAST_WEST, [GRJ, EAUC] -> [GR, EAUC], 2.000000000
TR(14): EAST_WEST, [GRJ, GR] -> [GR, GR], 2.000000000
TR(15): EAST_WEST, [GRJ, DUM] -> [GR, DUM], 2.000000000
TR(16): EAST_WEST, [GR, GRJ] -> [GR, GR], 6.000000000
TR(17): NORTH_SOUTH, [GR, EAUC] -> [EAUC, GR], 0.059999999 {chk[1]+,time_corr} <TRANSPORT>
TR(18): NORTH_SOUTH, [EAUC, GR] -> [GR, EAUC], 0.059999999 {chk[2]+,time_corr} <TRANSPORT>
TR(19): EAST_WEST, [GR, EAUC] -> [EAUC, GR], 1.000000000 {chk[1]+,time_no_evol} <TRANSPORT>
TR(20): EAST_WEST, [EAUC, GR] -> [GR, EAUC], 1.000000000 {chk[2]+,time_no_evol} <TRANSPORT>
TR(21): NORTH_SOUTH, [GR, EAUC] -> [EAUC, GR], 1.000000000 {chk[1]+,time_no_evol} <TRANSPORT>
TR(22): NORTH_SOUTH, [EAUC, GR] -> [GR, EAUC], 1.000000000 {chk[2]+,time_no_evol} <TRANSPORT>

NB_TRANS_CEL = 0

# LINKED TRANSITIONS

NB_LINKS = 4
LT( 0): 6[2] -> 10, 0.500000000
LT( 1): 10[1] -> 11, 1.000000000
LT( 2): 7[1] -> 11, 1.000000000
LT( 3): 12[1] -> 10, 1.000000000

# NUMBER OF OCCURRENCES

         TR( 0)     TR( 1)     TR( 2)     TR( 3)     TR( 4)     TR( 5)     TR( 6)        BLK     TR( 7)        BLK     TR( 8)     TR( 9)     TR(10)     TR(11)     TR(12)     TR(13)     TR(14)     TR(15)     TR(16)     TR(17)        BLK     TR(18)        BLK     TR(19)        BLK     TR(20)        BLK     TR(21)        BLK     TR(22)        BLK     LT( 0)     LT( 1)     LT( 2)     LT( 3)
0001:     310104      31140       8000          0     492844      72542     875650    3289330         27         97   16441329   10064035   26490664   43077992     666912    1124082      44342          0      47597      16026      57450      16076      57189      91116     916921     138360     903096     176266    1043512     175960    1043259     409819   26231904         24     306723